<?xml version="1.0" encoding="UTF-8"?>
<coverage generated="1684792389116" clover="3.2.0">
  <project timestamp="1684792389116" name="All files">
    <metrics statements="152" coveredstatements="109" conditionals="44" coveredconditionals="30" methods="48" coveredmethods="28" elements="244" coveredelements="167" complexity="0" loc="152" ncloc="152" packages="15" files="29" classes="29"/>
    <package name="src">
      <metrics statements="12" coveredstatements="0" conditionals="4" coveredconditionals="0" methods="2" coveredmethods="0"/>
      <file name="index.tsx" path="D:\Germany-interviews\Chemondis\My_Albums_App\my-app\src\index.tsx">
        <metrics statements="4" coveredstatements="0" conditionals="0" coveredconditionals="0" methods="0" coveredmethods="0"/>
        <line num="8" count="0" type="stmt"/>
        <line num="10" count="0" type="stmt"/>
        <line num="13" count="0" type="stmt"/>
        <line num="22" count="0" type="stmt"/>
      </file>
      <file name="reportWebVitals.ts" path="D:\Germany-interviews\Chemondis\My_Albums_App\my-app\src\reportWebVitals.ts">
        <metrics statements="8" coveredstatements="0" conditionals="4" coveredconditionals="0" methods="2" coveredmethods="0"/>
        <line num="3" count="0" type="stmt"/>
        <line num="4" count="0" type="cond" truecount="0" falsecount="4"/>
        <line num="5" count="0" type="stmt"/>
        <line num="6" count="0" type="stmt"/>
        <line num="7" count="0" type="stmt"/>
        <line num="8" count="0" type="stmt"/>
        <line num="9" count="0" type="stmt"/>
        <line num="10" count="0" type="stmt"/>
      </file>
    </package>
    <package name="src.components.AppHeader">
      <metrics statements="3" coveredstatements="3" conditionals="0" coveredconditionals="0" methods="1" coveredmethods="1"/>
      <file name="index.tsx" path="D:\Germany-interviews\Chemondis\My_Albums_App\my-app\src\components\AppHeader\index.tsx">
        <metrics statements="3" coveredstatements="3" conditionals="0" coveredconditionals="0" methods="1" coveredmethods="1"/>
        <line num="4" count="1" type="stmt"/>
        <line num="6" count="1" type="stmt"/>
        <line num="17" count="2" type="stmt"/>
      </file>
    </package>
    <package name="src.components.ErrorMsg">
      <metrics statements="3" coveredstatements="3" conditionals="0" coveredconditionals="0" methods="1" coveredmethods="1"/>
      <file name="index.tsx" path="D:\Germany-interviews\Chemondis\My_Albums_App\my-app\src\components\ErrorMsg\index.tsx">
        <metrics statements="3" coveredstatements="3" conditionals="0" coveredconditionals="0" methods="1" coveredmethods="1"/>
        <line num="5" count="3" type="stmt"/>
        <line num="7" count="3" type="stmt"/>
        <line num="8" count="2" type="stmt"/>
      </file>
    </package>
    <package name="src.components.Layout">
      <metrics statements="4" coveredstatements="4" conditionals="0" coveredconditionals="0" methods="1" coveredmethods="1"/>
      <file name="index.tsx" path="D:\Germany-interviews\Chemondis\My_Albums_App\my-app\src\components\Layout\index.tsx">
        <metrics statements="4" coveredstatements="4" conditionals="0" coveredconditionals="0" methods="1" coveredmethods="1"/>
        <line num="4" count="3" type="stmt"/>
        <line num="6" count="3" type="stmt"/>
        <line num="17" count="3" type="stmt"/>
        <line num="18" count="8" type="stmt"/>
      </file>
      <file name="types.ts" path="D:\Germany-interviews\Chemondis\My_Albums_App\my-app\src\components\Layout\types.ts">
        <metrics statements="0" coveredstatements="0" conditionals="0" coveredconditionals="0" methods="0" coveredmethods="0"/>
      </file>
    </package>
    <package name="src.components.Loader">
      <metrics statements="2" coveredstatements="2" conditionals="0" coveredconditionals="0" methods="1" coveredmethods="1"/>
      <file name="index.tsx" path="D:\Germany-interviews\Chemondis\My_Albums_App\my-app\src\components\Loader\index.tsx">
        <metrics statements="2" coveredstatements="2" conditionals="0" coveredconditionals="0" methods="1" coveredmethods="1"/>
        <line num="5" count="3" type="stmt"/>
        <line num="6" count="25" type="stmt"/>
      </file>
    </package>
    <package name="src.components.Modal">
      <metrics statements="3" coveredstatements="3" conditionals="0" coveredconditionals="0" methods="2" coveredmethods="2"/>
      <file name="index.tsx" path="D:\Germany-interviews\Chemondis\My_Albums_App\my-app\src\components\Modal\index.tsx">
        <metrics statements="3" coveredstatements="3" conditionals="0" coveredconditionals="0" methods="2" coveredmethods="2"/>
        <line num="5" count="2" type="stmt"/>
        <line num="7" count="3" type="stmt"/>
        <line num="14" count="1" type="stmt"/>
      </file>
      <file name="types.ts" path="D:\Germany-interviews\Chemondis\My_Albums_App\my-app\src\components\Modal\types.ts">
        <metrics statements="0" coveredstatements="0" conditionals="0" coveredconditionals="0" methods="0" coveredmethods="0"/>
      </file>
    </package>
    <package name="src.components.SelectPage">
      <metrics statements="4" coveredstatements="3" conditionals="0" coveredconditionals="0" methods="2" coveredmethods="1"/>
      <file name="index.tsx" path="D:\Germany-interviews\Chemondis\My_Albums_App\my-app\src\components\SelectPage\index.tsx">
        <metrics statements="4" coveredstatements="3" conditionals="0" coveredconditionals="0" methods="2" coveredmethods="1"/>
        <line num="4" count="3" type="stmt"/>
        <line num="6" count="7" type="stmt"/>
        <line num="8" count="7" type="stmt"/>
        <line num="12" count="0" type="stmt"/>
      </file>
      <file name="types.ts" path="D:\Germany-interviews\Chemondis\My_Albums_App\my-app\src\components\SelectPage\types.ts">
        <metrics statements="0" coveredstatements="0" conditionals="0" coveredconditionals="0" methods="0" coveredmethods="0"/>
      </file>
    </package>
    <package name="src.helper">
      <metrics statements="18" coveredstatements="18" conditionals="6" coveredconditionals="5" methods="2" coveredmethods="2"/>
      <file name="imgUrls.ts" path="D:\Germany-interviews\Chemondis\My_Albums_App\my-app\src\helper\imgUrls.ts">
        <metrics statements="1" coveredstatements="1" conditionals="0" coveredconditionals="0" methods="0" coveredmethods="0"/>
        <line num="1" count="1" type="stmt"/>
      </file>
      <file name="mapUsersWithAlbums.ts" path="D:\Germany-interviews\Chemondis\My_Albums_App\my-app\src\helper\mapUsersWithAlbums.ts">
        <metrics statements="17" coveredstatements="17" conditionals="6" coveredconditionals="5" methods="2" coveredmethods="2"/>
        <line num="5" count="1" type="stmt"/>
        <line num="9" count="3" type="stmt"/>
        <line num="10" count="3" type="stmt"/>
        <line num="12" count="3" type="stmt"/>
        <line num="13" count="60" type="stmt"/>
        <line num="14" count="60" type="stmt"/>
        <line num="16" count="60" type="cond" truecount="2" falsecount="0"/>
        <line num="17" count="6" type="stmt"/>
        <line num="18" count="9" type="stmt"/>
        <line num="20" count="9" type="stmt"/>
        <line num="21" count="9" type="cond" truecount="2" falsecount="0"/>
        <line num="22" count="6" type="stmt"/>
        <line num="23" count="6" type="stmt"/>
        <line num="25" count="6" type="stmt"/>
        <line num="30" count="60" type="cond" truecount="1" falsecount="1"/>
        <line num="31" count="60" type="stmt"/>
        <line num="41" count="3" type="stmt"/>
      </file>
      <file name="types.ts" path="D:\Germany-interviews\Chemondis\My_Albums_App\my-app\src\helper\types.ts">
        <metrics statements="0" coveredstatements="0" conditionals="0" coveredconditionals="0" methods="0" coveredmethods="0"/>
      </file>
    </package>
    <package name="src.pages.Albums">
      <metrics statements="24" coveredstatements="18" conditionals="15" coveredconditionals="14" methods="7" coveredmethods="3"/>
      <file name="index.tsx" path="D:\Germany-interviews\Chemondis\My_Albums_App\my-app\src\pages\Albums\index.tsx">
        <metrics statements="24" coveredstatements="18" conditionals="15" coveredconditionals="14" methods="7" coveredmethods="3"/>
        <line num="14" count="1" type="stmt"/>
        <line num="15" count="17" type="stmt"/>
        <line num="16" count="16" type="stmt"/>
        <line num="18" count="16" type="stmt"/>
        <line num="20" count="16" type="stmt"/>
        <line num="30" count="16" type="stmt"/>
        <line num="37" count="16" type="stmt"/>
        <line num="39" count="16" type="stmt"/>
        <line num="40" count="0" type="stmt"/>
        <line num="42" count="0" type="stmt"/>
        <line num="50" count="16" type="stmt"/>
        <line num="51" count="0" type="stmt"/>
        <line num="54" count="16" type="cond" truecount="6" falsecount="0"/>
        <line num="55" count="13" type="stmt"/>
        <line num="58" count="3" type="cond" truecount="3" falsecount="1"/>
        <line num="59" count="0" type="stmt"/>
        <line num="62" count="3" type="cond" truecount="3" falsecount="0"/>
        <line num="64" count="3" type="stmt"/>
        <line num="66" count="3" type="stmt"/>
        <line num="71" count="60" type="stmt"/>
        <line num="92" count="3" type="stmt"/>
        <line num="100" count="60" type="stmt"/>
        <line num="102" count="0" type="stmt"/>
        <line num="106" count="0" type="stmt"/>
      </file>
      <file name="types.ts" path="D:\Germany-interviews\Chemondis\My_Albums_App\my-app\src\pages\Albums\types.ts">
        <metrics statements="0" coveredstatements="0" conditionals="0" coveredconditionals="0" methods="0" coveredmethods="0"/>
      </file>
    </package>
    <package name="src.pages.Photos">
      <metrics statements="33" coveredstatements="20" conditionals="8" coveredconditionals="6" methods="9" coveredmethods="1"/>
      <file name="index.tsx" path="D:\Germany-interviews\Chemondis\My_Albums_App\my-app\src\pages\Photos\index.tsx">
        <metrics statements="33" coveredstatements="20" conditionals="8" coveredconditionals="6" methods="9" coveredmethods="1"/>
        <line num="14" count="1" type="stmt"/>
        <line num="15" count="13" type="stmt"/>
        <line num="16" count="13" type="stmt"/>
        <line num="17" count="13" type="stmt"/>
        <line num="18" count="13" type="stmt"/>
        <line num="19" count="13" type="stmt"/>
        <line num="20" count="13" type="stmt"/>
        <line num="21" count="13" type="stmt"/>
        <line num="24" count="13" type="stmt"/>
        <line num="35" count="13" type="stmt"/>
        <line num="37" count="13" type="stmt"/>
        <line num="39" count="13" type="stmt"/>
        <line num="41" count="13" type="stmt"/>
        <line num="42" count="0" type="stmt"/>
        <line num="45" count="13" type="stmt"/>
        <line num="46" count="0" type="stmt"/>
        <line num="47" count="0" type="stmt"/>
        <line num="48" count="0" type="stmt"/>
        <line num="51" count="13" type="stmt"/>
        <line num="56" count="0" type="stmt"/>
        <line num="64" count="0" type="stmt"/>
        <line num="66" count="0" type="stmt"/>
        <line num="67" count="0" type="stmt"/>
        <line num="68" count="0" type="stmt"/>
        <line num="77" count="0" type="stmt"/>
        <line num="94" count="13" type="stmt"/>
        <line num="95" count="13" type="cond" truecount="4" falsecount="0"/>
        <line num="96" count="10" type="stmt"/>
        <line num="99" count="3" type="cond" truecount="1" falsecount="1"/>
        <line num="100" count="0" type="stmt"/>
        <line num="103" count="3" type="stmt"/>
        <line num="115" count="0" type="stmt"/>
        <line num="144" count="0" type="stmt"/>
      </file>
      <file name="types.ts" path="D:\Germany-interviews\Chemondis\My_Albums_App\my-app\src\pages\Photos\types.ts">
        <metrics statements="0" coveredstatements="0" conditionals="0" coveredconditionals="0" methods="0" coveredmethods="0"/>
      </file>
    </package>
    <package name="src.pages.Routes">
      <metrics statements="8" coveredstatements="0" conditionals="4" coveredconditionals="0" methods="2" coveredmethods="0"/>
      <file name="index.tsx" path="D:\Germany-interviews\Chemondis\My_Albums_App\my-app\src\pages\Routes\index.tsx">
        <metrics statements="7" coveredstatements="0" conditionals="4" coveredconditionals="0" methods="2" coveredmethods="0"/>
        <line num="8" count="0" type="stmt"/>
        <line num="9" count="0" type="stmt"/>
        <line num="10" count="0" type="stmt"/>
        <line num="12" count="0" type="stmt"/>
        <line num="13" count="0" type="cond" truecount="0" falsecount="2"/>
        <line num="14" count="0" type="stmt"/>
        <line num="19" count="0" type="stmt"/>
      </file>
      <file name="routesConstants.ts" path="D:\Germany-interviews\Chemondis\My_Albums_App\my-app\src\pages\Routes\routesConstants.ts">
        <metrics statements="1" coveredstatements="0" conditionals="0" coveredconditionals="0" methods="0" coveredmethods="0"/>
        <line num="1" count="0" type="stmt"/>
      </file>
    </package>
    <package name="src.services">
      <metrics statements="14" coveredstatements="14" conditionals="2" coveredconditionals="0" methods="6" coveredmethods="6"/>
      <file name="albumsApi.ts" path="D:\Germany-interviews\Chemondis\My_Albums_App\my-app\src\services\albumsApi.ts">
        <metrics statements="5" coveredstatements="5" conditionals="2" coveredconditionals="0" methods="2" coveredmethods="2"/>
        <line num="3" count="2" type="stmt"/>
        <line num="8" count="2" type="stmt"/>
        <line num="11" count="5" type="cond" truecount="0" falsecount="2"/>
        <line num="13" count="5" type="stmt"/>
        <line num="19" count="2" type="stmt"/>
      </file>
      <file name="photosApi.ts" path="D:\Germany-interviews\Chemondis\My_Albums_App\my-app\src\services\photosApi.ts">
        <metrics statements="5" coveredstatements="5" conditionals="0" coveredconditionals="0" methods="2" coveredmethods="2"/>
        <line num="3" count="2" type="stmt"/>
        <line num="8" count="2" type="stmt"/>
        <line num="11" count="5" type="stmt"/>
        <line num="12" count="5" type="stmt"/>
        <line num="18" count="2" type="stmt"/>
      </file>
      <file name="usersApi.ts" path="D:\Germany-interviews\Chemondis\My_Albums_App\my-app\src\services\usersApi.ts">
        <metrics statements="4" coveredstatements="4" conditionals="0" coveredconditionals="0" methods="2" coveredmethods="2"/>
        <line num="5" count="2" type="stmt"/>
        <line num="10" count="2" type="stmt"/>
        <line num="12" count="5" type="stmt"/>
        <line num="17" count="2" type="stmt"/>
      </file>
    </package>
    <package name="src.store">
      <metrics statements="4" coveredstatements="4" conditionals="0" coveredconditionals="0" methods="2" coveredmethods="2"/>
      <file name="store.ts" path="D:\Germany-interviews\Chemondis\My_Albums_App\my-app\src\store\store.ts">
        <metrics statements="4" coveredstatements="4" conditionals="0" coveredconditionals="0" methods="2" coveredmethods="2"/>
        <line num="7" count="1" type="stmt"/>
        <line num="13" count="1" type="stmt"/>
        <line num="14" count="1" type="stmt"/>
        <line num="18" count="1" type="stmt"/>
      </file>
    </package>
    <package name="src.utils">
      <metrics statements="17" coveredstatements="14" conditionals="5" coveredconditionals="5" methods="10" coveredmethods="7"/>
      <file name="handlers.ts" path="D:\Germany-interviews\Chemondis\My_Albums_App\my-app\src\utils\handlers.ts">
        <metrics statements="14" coveredstatements="11" conditionals="2" coveredconditionals="2" methods="7" coveredmethods="4"/>
        <line num="9" count="2" type="stmt"/>
        <line num="10" count="2" type="stmt"/>
        <line num="11" count="2" type="stmt"/>
        <line num="12" count="2" type="stmt"/>
        <line num="13" count="2" type="stmt"/>
        <line num="16" count="36" type="stmt"/>
        <line num="22" count="2" type="stmt"/>
        <line num="26" count="0" type="stmt"/>
        <line num="31" count="0" type="stmt"/>
        <line num="35" count="0" type="stmt"/>
        <line num="39" count="2" type="stmt"/>
        <line num="42" count="2" type="stmt"/>
        <line num="45" count="10" type="stmt"/>
        <line num="48" count="2" type="stmt"/>
      </file>
      <file name="testUtils.tsx" path="D:\Germany-interviews\Chemondis\My_Albums_App\my-app\src\utils\testUtils.tsx">
        <metrics statements="3" coveredstatements="3" conditionals="3" coveredconditionals="3" methods="3" coveredmethods="3"/>
        <line num="33" count="9" type="stmt"/>
        <line num="43" count="9" type="stmt"/>
        <line num="47" count="9" type="stmt"/>
      </file>
    </package>
    <package name="src.utils.mocks">
      <metrics statements="3" coveredstatements="3" conditionals="0" coveredconditionals="0" methods="0" coveredmethods="0"/>
      <file name="AlbumsList.mock.ts" path="D:\Germany-interviews\Chemondis\My_Albums_App\my-app\src\utils\mocks\AlbumsList.mock.ts">
        <metrics statements="1" coveredstatements="1" conditionals="0" coveredconditionals="0" methods="0" coveredmethods="0"/>
        <line num="1" count="2" type="stmt"/>
      </file>
      <file name="PhotosList.mock.ts" path="D:\Germany-interviews\Chemondis\My_Albums_App\my-app\src\utils\mocks\PhotosList.mock.ts">
        <metrics statements="1" coveredstatements="1" conditionals="0" coveredconditionals="0" methods="0" coveredmethods="0"/>
        <line num="1" count="2" type="stmt"/>
      </file>
      <file name="UsersList.mock.ts" path="D:\Germany-interviews\Chemondis\My_Albums_App\my-app\src\utils\mocks\UsersList.mock.ts">
        <metrics statements="1" coveredstatements="1" conditionals="0" coveredconditionals="0" methods="0" coveredmethods="0"/>
        <line num="1" count="2" type="stmt"/>
      </file>
    </package>
  </project>
</coverage>
