{"D:\\Germany-interviews\\Chemondis\\My_Albums_App\\my-app\\src\\pages\\Photos\\index.tsx": {"path":"D:\\Germany-interviews\\Chemondis\\My_Albums_App\\my-app\\src\\pages\\Photos\\index.tsx","statementMap":{"0":{"start":{"line":27,"column":15},"end":{"line":132,"column":1}},"1":{"start":{"line":28,"column":22},"end":{"line":28,"column":33}},"2":{"start":{"line":29,"column":19},"end":{"line":29,"column":32}},"3":{"start":{"line":30,"column":36},"end":{"line":30,"column":51}},"4":{"start":{"line":31,"column":30},"end":{"line":31,"column":42}},"5":{"start":{"line":32,"column":38},"end":{"line":32,"column":50}},"6":{"start":{"line":33,"column":36},"end":{"line":33,"column":50}},"7":{"start":{"line":40,"column":6},"end":{"line":40,"column":40}},"8":{"start":{"line":42,"column":21},"end":{"line":42,"column":50}},"9":{"start":{"line":44,"column":26},"end":{"line":44,"column":32}},"10":{"start":{"line":46,"column":18},"end":{"line":75,"column":3}},"11":{"start":{"line":51,"column":8},"end":{"line":56,"column":10}},"12":{"start":{"line":59,"column":8},"end":{"line":66,"column":10}},"13":{"start":{"line":61,"column":12},"end":{"line":61,"column":44}},"14":{"start":{"line":62,"column":12},"end":{"line":62,"column":31}},"15":{"start":{"line":63,"column":12},"end":{"line":63,"column":34}},"16":{"start":{"line":64,"column":12},"end":{"line":64,"column":40}},"17":{"start":{"line":77,"column":21},"end":{"line":77,"column":27}},"18":{"start":{"line":78,"column":2},"end":{"line":80,"column":3}},"19":{"start":{"line":79,"column":4},"end":{"line":79,"column":22}},"20":{"start":{"line":82,"column":2},"end":{"line":84,"column":3}},"21":{"start":{"line":83,"column":4},"end":{"line":83,"column":24}},"22":{"start":{"line":86,"column":2},"end":{"line":86,"column":35}},"23":{"start":{"line":88,"column":2},"end":{"line":131,"column":4}}},"fnMap":{"0":{"name":"(anonymous_0)","decl":{"start":{"line":27,"column":15},"end":{"line":27,"column":16}},"loc":{"start":{"line":27,"column":21},"end":{"line":132,"column":1}},"line":27},"1":{"name":"(anonymous_1)","decl":{"start":{"line":50,"column":14},"end":{"line":50,"column":15}},"loc":{"start":{"line":51,"column":8},"end":{"line":56,"column":10}},"line":51},"2":{"name":"(anonymous_2)","decl":{"start":{"line":58,"column":14},"end":{"line":58,"column":15}},"loc":{"start":{"line":58,"column":38},"end":{"line":67,"column":7}},"line":58},"3":{"name":"(anonymous_3)","decl":{"start":{"line":60,"column":19},"end":{"line":60,"column":20}},"loc":{"start":{"line":60,"column":25},"end":{"line":65,"column":11}},"line":60}},"branchMap":{"0":{"loc":{"start":{"line":78,"column":2},"end":{"line":80,"column":3}},"type":"if","locations":[{"start":{"line":78,"column":2},"end":{"line":80,"column":3}},{"start":{},"end":{}}],"line":78},"1":{"loc":{"start":{"line":78,"column":6},"end":{"line":78,"column":36}},"type":"binary-expr","locations":[{"start":{"line":78,"column":6},"end":{"line":78,"column":18}},{"start":{"line":78,"column":22},"end":{"line":78,"column":36}}],"line":78},"2":{"loc":{"start":{"line":82,"column":2},"end":{"line":84,"column":3}},"type":"if","locations":[{"start":{"line":82,"column":2},"end":{"line":84,"column":3}},{"start":{},"end":{}}],"line":82},"3":{"loc":{"start":{"line":99,"column":9},"end":{"line":128,"column":9}},"type":"binary-expr","locations":[{"start":{"line":99,"column":9},"end":{"line":99,"column":15}},{"start":{"line":100,"column":10},"end":{"line":127,"column":23}}],"line":99}},"s":{"0":1,"1":13,"2":13,"3":13,"4":13,"5":13,"6":13,"7":13,"8":13,"9":13,"10":13,"11":0,"12":0,"13":0,"14":0,"15":0,"16":0,"17":13,"18":13,"19":10,"20":3,"21":1,"22":2,"23":2},"f":{"0":13,"1":0,"2":0,"3":0},"b":{"0":[10,3],"1":[13,3],"2":[1,2],"3":[2,0]},"_coverageSchema":"1a1c01bbd47fc00a2c39e90264f33305004495a9","hash":"5d5510d6d8ed87912fa108af15918e9ee2c9cdab"}
,"D:\\Germany-interviews\\Chemondis\\My_Albums_App\\my-app\\src\\utils\\handlers.ts": {"path":"D:\\Germany-interviews\\Chemondis\\My_Albums_App\\my-app\\src\\utils\\handlers.ts","statementMap":{"0":{"start":{"line":8,"column":0},"end":{"line":8,"column":21}},"1":{"start":{"line":9,"column":0},"end":{"line":9,"column":25}},"2":{"start":{"line":10,"column":0},"end":{"line":10,"column":25}},"3":{"start":{"line":11,"column":0},"end":{"line":11,"column":27}},"4":{"start":{"line":12,"column":0},"end":{"line":19,"column":4}},"5":{"start":{"line":15,"column":4},"end":{"line":18,"column":6}},"6":{"start":{"line":21,"column":24},"end":{"line":32,"column":1}},"7":{"start":{"line":25,"column":6},"end":{"line":25,"column":39}},"8":{"start":{"line":30,"column":4},"end":{"line":30,"column":36}},"9":{"start":{"line":34,"column":22},"end":{"line":34,"column":46}},"10":{"start":{"line":37,"column":0},"end":{"line":37,"column":33}},"11":{"start":{"line":37,"column":16},"end":{"line":37,"column":31}},"12":{"start":{"line":40,"column":0},"end":{"line":40,"column":40}},"13":{"start":{"line":40,"column":16},"end":{"line":40,"column":38}},"14":{"start":{"line":43,"column":0},"end":{"line":43,"column":31}},"15":{"start":{"line":43,"column":15},"end":{"line":43,"column":29}}},"fnMap":{"0":{"name":"(anonymous_0)","decl":{"start":{"line":14,"column":2},"end":{"line":14,"column":3}},"loc":{"start":{"line":14,"column":14},"end":{"line":19,"column":3}},"line":14},"1":{"name":"(anonymous_1)","decl":{"start":{"line":24,"column":4},"end":{"line":24,"column":5}},"loc":{"start":{"line":24,"column":24},"end":{"line":26,"column":5}},"line":24},"2":{"name":"(anonymous_2)","decl":{"start":{"line":29,"column":57},"end":{"line":29,"column":58}},"loc":{"start":{"line":29,"column":77},"end":{"line":31,"column":3}},"line":29},"3":{"name":"(anonymous_3)","decl":{"start":{"line":37,"column":10},"end":{"line":37,"column":11}},"loc":{"start":{"line":37,"column":16},"end":{"line":37,"column":31}},"line":37},"4":{"name":"(anonymous_4)","decl":{"start":{"line":40,"column":10},"end":{"line":40,"column":11}},"loc":{"start":{"line":40,"column":16},"end":{"line":40,"column":38}},"line":40},"5":{"name":"(anonymous_5)","decl":{"start":{"line":43,"column":9},"end":{"line":43,"column":10}},"loc":{"start":{"line":43,"column":15},"end":{"line":43,"column":29}},"line":43}},"branchMap":{"0":{"loc":{"start":{"line":13,"column":2},"end":{"line":19,"column":3}},"type":"binary-expr","locations":[{"start":{"line":13,"column":2},"end":{"line":13,"column":19}},{"start":{"line":14,"column":2},"end":{"line":19,"column":3}}],"line":13}},"s":{"0":1,"1":1,"2":1,"3":1,"4":1,"5":24,"6":1,"7":0,"8":0,"9":1,"10":1,"11":1,"12":1,"13":5,"14":1,"15":1},"f":{"0":24,"1":0,"2":0,"3":1,"4":5,"5":1},"b":{"0":[1,1]},"_coverageSchema":"1a1c01bbd47fc00a2c39e90264f33305004495a9","hash":"70193abc76f810d6a329ccec52f3727a401880cd"}
,"D:\\Germany-interviews\\Chemondis\\My_Albums_App\\my-app\\src\\utils\\testUtils.tsx": {"path":"D:\\Germany-interviews\\Chemondis\\My_Albums_App\\my-app\\src\\utils\\testUtils.tsx","statementMap":{"0":{"start":{"line":33,"column":8},"end":{"line":37,"column":9}},"1":{"start":{"line":43,"column":4},"end":{"line":43,"column":57}},"2":{"start":{"line":47,"column":2},"end":{"line":47,"column":74}}},"fnMap":{"0":{"name":"renderWithProviders","decl":{"start":{"line":20,"column":16},"end":{"line":20,"column":35}},"loc":{"start":{"line":41,"column":2},"end":{"line":48,"column":1}},"line":41},"1":{"name":"(anonymous_1)","decl":{"start":{"line":32,"column":18},"end":{"line":32,"column":19}},"loc":{"start":{"line":33,"column":8},"end":{"line":37,"column":9}},"line":33},"2":{"name":"Wrapper","decl":{"start":{"line":42,"column":11},"end":{"line":42,"column":18}},"loc":{"start":{"line":42,"column":69},"end":{"line":44,"column":3}},"line":42}},"branchMap":{"0":{"loc":{"start":{"line":22,"column":2},"end":{"line":40,"column":31}},"type":"default-arg","locations":[{"start":{"line":40,"column":29},"end":{"line":40,"column":31}}],"line":22},"1":{"loc":{"start":{"line":23,"column":20},"end":{"line":23,"column":28}},"type":"default-arg","locations":[{"start":{"line":23,"column":26},"end":{"line":23,"column":28}}],"line":23},"2":{"loc":{"start":{"line":25,"column":4},"end":{"line":38,"column":6}},"type":"default-arg","locations":[{"start":{"line":25,"column":12},"end":{"line":38,"column":6}}],"line":25}},"s":{"0":5,"1":5,"2":5},"f":{"0":5,"1":5,"2":5},"b":{"0":[5],"1":[5],"2":[5]},"_coverageSchema":"1a1c01bbd47fc00a2c39e90264f33305004495a9","hash":"a5cdfe523c550f87d28f92c52eac30978f7c2a5a"}
}
