{"D:\\Germany-interviews\\Chemondis\\My_Albums_App\\my-app\\src\\utils\\handlers.ts": {"path":"D:\\Germany-interviews\\Chemondis\\My_Albums_App\\my-app\\src\\utils\\handlers.ts","statementMap":{"0":{"start":{"line":9,"column":0},"end":{"line":9,"column":21}},"1":{"start":{"line":10,"column":0},"end":{"line":10,"column":25}},"2":{"start":{"line":11,"column":0},"end":{"line":11,"column":25}},"3":{"start":{"line":12,"column":0},"end":{"line":12,"column":27}},"4":{"start":{"line":13,"column":0},"end":{"line":20,"column":4}},"5":{"start":{"line":16,"column":4},"end":{"line":19,"column":6}},"6":{"start":{"line":22,"column":24},"end":{"line":37,"column":1}},"7":{"start":{"line":26,"column":6},"end":{"line":26,"column":39}},"8":{"start":{"line":31,"column":4},"end":{"line":31,"column":36}},"9":{"start":{"line":35,"column":4},"end":{"line":35,"column":36}},"10":{"start":{"line":39,"column":22},"end":{"line":39,"column":46}},"11":{"start":{"line":42,"column":0},"end":{"line":42,"column":33}},"12":{"start":{"line":42,"column":16},"end":{"line":42,"column":31}},"13":{"start":{"line":45,"column":0},"end":{"line":45,"column":40}},"14":{"start":{"line":45,"column":16},"end":{"line":45,"column":38}},"15":{"start":{"line":48,"column":0},"end":{"line":48,"column":31}},"16":{"start":{"line":48,"column":15},"end":{"line":48,"column":29}}},"fnMap":{"0":{"name":"(anonymous_0)","decl":{"start":{"line":15,"column":2},"end":{"line":15,"column":3}},"loc":{"start":{"line":15,"column":14},"end":{"line":20,"column":3}},"line":15},"1":{"name":"(anonymous_1)","decl":{"start":{"line":25,"column":4},"end":{"line":25,"column":5}},"loc":{"start":{"line":25,"column":24},"end":{"line":27,"column":5}},"line":25},"2":{"name":"(anonymous_2)","decl":{"start":{"line":30,"column":54},"end":{"line":30,"column":55}},"loc":{"start":{"line":30,"column":74},"end":{"line":32,"column":3}},"line":30},"3":{"name":"(anonymous_3)","decl":{"start":{"line":34,"column":83},"end":{"line":34,"column":84}},"loc":{"start":{"line":34,"column":103},"end":{"line":36,"column":3}},"line":34},"4":{"name":"(anonymous_4)","decl":{"start":{"line":42,"column":10},"end":{"line":42,"column":11}},"loc":{"start":{"line":42,"column":16},"end":{"line":42,"column":31}},"line":42},"5":{"name":"(anonymous_5)","decl":{"start":{"line":45,"column":10},"end":{"line":45,"column":11}},"loc":{"start":{"line":45,"column":16},"end":{"line":45,"column":38}},"line":45},"6":{"name":"(anonymous_6)","decl":{"start":{"line":48,"column":9},"end":{"line":48,"column":10}},"loc":{"start":{"line":48,"column":15},"end":{"line":48,"column":29}},"line":48}},"branchMap":{"0":{"loc":{"start":{"line":14,"column":2},"end":{"line":20,"column":3}},"type":"binary-expr","locations":[{"start":{"line":14,"column":2},"end":{"line":14,"column":19}},{"start":{"line":15,"column":2},"end":{"line":20,"column":3}}],"line":14}},"s":{"0":2,"1":2,"2":2,"3":2,"4":2,"5":54,"6":2,"7":0,"8":0,"9":0,"10":2,"11":2,"12":2,"13":2,"14":10,"15":2,"16":2},"f":{"0":54,"1":0,"2":0,"3":0,"4":2,"5":10,"6":2},"b":{"0":[2,2]},"_coverageSchema":"1a1c01bbd47fc00a2c39e90264f33305004495a9","hash":"8370bb128a43cb0882226d4174562fcfa4f9820f"}
,"D:\\Germany-interviews\\Chemondis\\My_Albums_App\\my-app\\src\\utils\\mocks\\PhotosList.mock.ts": {"path":"D:\\Germany-interviews\\Chemondis\\My_Albums_App\\my-app\\src\\utils\\mocks\\PhotosList.mock.ts","statementMap":{"0":{"start":{"line":1,"column":19},"end":{"line":37,"column":1}}},"fnMap":{},"branchMap":{},"s":{"0":2},"f":{},"b":{},"_coverageSchema":"1a1c01bbd47fc00a2c39e90264f33305004495a9","hash":"ee7bc0f22cb132a877866aab4c34d9a56cb1240e"}
}
