TN:
SF:src\index.tsx
FNF:0
FNH:0
DA:8,0
DA:10,0
DA:13,0
DA:22,0
LF:4
LH:0
BRF:0
BRH:0
end_of_record
TN:
SF:src\reportWebVitals.ts
FN:3,(anonymous_0)
FN:5,(anonymous_1)
FNF:2
FNH:0
FNDA:0,(anonymous_0)
FNDA:0,(anonymous_1)
DA:3,0
DA:4,0
DA:5,0
DA:6,0
DA:7,0
DA:8,0
DA:9,0
DA:10,0
LF:8
LH:0
BRDA:4,0,0,0
BRDA:4,0,1,0
BRDA:4,1,0,0
BRDA:4,1,1,0
BRF:4
BRH:0
end_of_record
TN:
SF:src\components\AppHeader\index.tsx
FN:17,(anonymous_0)
FNF:1
FNH:1
FNDA:2,(anonymous_0)
DA:4,1
DA:6,1
DA:17,2
LF:3
LH:3
BRF:0
BRH:0
end_of_record
TN:
SF:src\components\ErrorMsg\index.tsx
FN:7,(anonymous_0)
FNF:1
FNH:1
FNDA:2,(anonymous_0)
DA:5,3
DA:7,3
DA:8,2
LF:3
LH:3
BRF:0
BRH:0
end_of_record
TN:
SF:src\components\Layout\index.tsx
FN:16,(anonymous_0)
FNF:1
FNH:1
FNDA:6,(anonymous_0)
DA:3,3
DA:5,3
DA:16,3
DA:17,6
LF:4
LH:4
BRF:0
BRH:0
end_of_record
TN:
SF:src\components\Layout\types.ts
FNF:0
FNH:0
LF:0
LH:0
BRF:0
BRH:0
end_of_record
TN:
SF:src\components\Loader\index.tsx
FN:5,(anonymous_0)
FNF:1
FNH:1
FNDA:25,(anonymous_0)
DA:5,3
DA:6,25
LF:2
LH:2
BRF:0
BRH:0
end_of_record
TN:
SF:src\components\Modal\index.tsx
FN:5,(anonymous_0)
FN:13,(anonymous_1)
FNF:2
FNH:2
FNDA:3,(anonymous_0)
FNDA:1,(anonymous_1)
DA:5,2
DA:6,3
DA:13,1
LF:3
LH:3
BRF:0
BRH:0
end_of_record
TN:
SF:src\components\Modal\types.ts
FNF:0
FNH:0
LF:0
LH:0
BRF:0
BRH:0
end_of_record
TN:
SF:src\components\SelectPage\index.tsx
FN:4,(anonymous_0)
FN:11,(anonymous_1)
FNF:2
FNH:1
FNDA:5,(anonymous_0)
FNDA:0,(anonymous_1)
DA:4,3
DA:5,5
DA:7,5
DA:11,0
LF:4
LH:3
BRF:0
BRH:0
end_of_record
TN:
SF:src\components\SelectPage\types.ts
FNF:0
FNH:0
LF:0
LH:0
BRF:0
BRH:0
end_of_record
TN:
SF:src\helper\imgUrls.ts
FNF:0
FNH:0
DA:1,1
LF:1
LH:1
BRF:0
BRH:0
end_of_record
TN:
SF:src\helper\mapUsersWithAlbums.ts
FN:4,(anonymous_0)
FN:11,(anonymous_1)
FNF:2
FNH:2
FNDA:1,(anonymous_0)
FNDA:20,(anonymous_1)
DA:4,1
DA:8,1
DA:9,1
DA:11,1
DA:12,20
DA:13,20
DA:15,20
DA:16,2
DA:17,3
DA:19,3
DA:20,3
DA:21,2
DA:22,2
DA:24,2
DA:29,20
DA:30,20
DA:40,1
LF:17
LH:17
BRDA:15,0,0,2
BRDA:15,0,1,18
BRDA:20,1,0,2
BRDA:20,1,1,1
BRDA:29,2,0,20
BRDA:29,2,1,0
BRF:6
BRH:5
end_of_record
TN:
SF:src\helper\types.ts
FNF:0
FNH:0
LF:0
LH:0
BRF:0
BRH:0
end_of_record
TN:
SF:src\pages\Albums\index.tsx
FN:14,(anonymous_0)
FN:39,(anonymous_1)
FN:50,(anonymous_2)
FN:70,(anonymous_3)
FN:100,(anonymous_4)
FN:101,(anonymous_5)
FN:108,(anonymous_6)
FNF:7
FNH:3
FNDA:15,(anonymous_0)
FNDA:0,(anonymous_1)
FNDA:0,(anonymous_2)
FNDA:20,(anonymous_3)
FNDA:20,(anonymous_4)
FNDA:0,(anonymous_5)
FNDA:0,(anonymous_6)
DA:14,1
DA:15,15
DA:16,14
DA:18,14
DA:20,14
DA:30,14
DA:37,14
DA:39,14
DA:40,0
DA:42,0
DA:50,14
DA:51,0
DA:54,14
DA:55,13
DA:58,1
DA:59,0
DA:62,1
DA:64,1
DA:66,1
DA:71,20
DA:92,1
DA:100,20
DA:102,0
DA:108,0
LF:24
LH:18
BRDA:26,0,0,12
BRDA:33,1,0,11
BRDA:54,2,0,13
BRDA:54,2,1,1
BRDA:54,3,0,14
BRDA:54,3,1,2
BRDA:54,3,2,2
BRDA:54,3,3,1
BRDA:58,4,0,0
BRDA:58,4,1,1
BRDA:58,5,0,1
BRDA:58,5,1,1
BRDA:62,6,0,1
BRDA:62,6,1,1
BRDA:62,6,2,1
BRF:15
BRH:14
end_of_record
TN:
SF:src\pages\Albums\types.ts
FNF:0
FNH:0
LF:0
LH:0
BRF:0
BRH:0
end_of_record
TN:
SF:src\pages\PageNotFound\index.tsx
FN:7,(anonymous_0)
FNF:1
FNH:1
FNDA:2,(anonymous_0)
DA:5,1
DA:7,1
DA:8,2
LF:3
LH:3
BRF:0
BRH:0
end_of_record
TN:
SF:src\pages\Photos\index.tsx
FN:14,(anonymous_0)
FN:40,(anonymous_1)
FN:44,(anonymous_2)
FN:54,(anonymous_3)
FN:62,(anonymous_4)
FN:64,(anonymous_5)
FN:75,(anonymous_6)
FN:114,(anonymous_7)
FN:146,(anonymous_8)
FNF:9
FNH:1
FNDA:13,(anonymous_0)
FNDA:0,(anonymous_1)
FNDA:0,(anonymous_2)
FNDA:0,(anonymous_3)
FNDA:0,(anonymous_4)
FNDA:0,(anonymous_5)
FNDA:0,(anonymous_6)
FNDA:0,(anonymous_7)
FNDA:0,(anonymous_8)
DA:14,1
DA:15,13
DA:16,13
DA:17,13
DA:18,13
DA:19,13
DA:20,13
DA:21,13
DA:23,13
DA:34,13
DA:36,13
DA:38,13
DA:40,13
DA:41,0
DA:44,13
DA:45,0
DA:46,0
DA:47,0
DA:50,13
DA:55,0
DA:63,0
DA:65,0
DA:66,0
DA:67,0
DA:76,0
DA:93,13
DA:94,13
DA:95,10
DA:98,3
DA:99,0
DA:102,3
DA:114,0
DA:146,0
LF:33
LH:20
BRDA:94,0,0,10
BRDA:94,0,1,3
BRDA:94,1,0,13
BRDA:94,1,1,3
BRDA:98,2,0,0
BRDA:98,2,1,3
BRDA:112,3,0,3
BRDA:112,3,1,0
BRF:8
BRH:6
end_of_record
TN:
SF:src\pages\Photos\types.ts
FNF:0
FNH:0
LF:0
LH:0
BRF:0
BRH:0
end_of_record
TN:
SF:src\pages\Routes\index.tsx
FN:6,(anonymous_0)
FN:7,(anonymous_1)
FN:8,(anonymous_2)
FN:10,(anonymous_3)
FN:14,(anonymous_4)
FNF:5
FNH:0
FNDA:0,(anonymous_0)
FNDA:0,(anonymous_1)
FNDA:0,(anonymous_2)
FNDA:0,(anonymous_3)
FNDA:0,(anonymous_4)
DA:6,0
DA:7,0
DA:8,0
DA:10,0
DA:11,0
DA:12,0
DA:14,0
DA:15,0
DA:16,0
DA:20,0
LF:10
LH:0
BRDA:15,0,0,0
BRDA:15,0,1,0
BRDA:27,1,0,0
BRDA:27,1,1,0
BRF:4
BRH:0
end_of_record
TN:
SF:src\pages\Routes\routesConstants.ts
FNF:0
FNH:0
DA:1,0
LF:1
LH:0
BRF:0
BRH:0
end_of_record
TN:
SF:src\services\albumsApi.ts
FN:8,(anonymous_0)
FN:10,(anonymous_1)
FNF:2
FNH:2
FNDA:2,(anonymous_0)
FNDA:5,(anonymous_1)
DA:3,2
DA:8,2
DA:11,5
DA:13,5
DA:19,2
LF:5
LH:5
BRDA:11,0,0,0
BRDA:11,1,0,0
BRF:2
BRH:0
end_of_record
TN:
SF:src\services\photosApi.ts
FN:8,(anonymous_0)
FN:10,(anonymous_1)
FNF:2
FNH:2
FNDA:2,(anonymous_0)
FNDA:5,(anonymous_1)
DA:3,2
DA:8,2
DA:11,5
DA:12,5
DA:18,2
LF:5
LH:5
BRF:0
BRH:0
end_of_record
TN:
SF:src\services\usersApi.ts
FN:10,(anonymous_0)
FN:12,(anonymous_1)
FNF:2
FNH:2
FNDA:2,(anonymous_0)
FNDA:5,(anonymous_1)
DA:5,2
DA:10,2
DA:12,5
DA:17,2
LF:4
LH:4
BRF:0
BRH:0
end_of_record
TN:
SF:src\store\store.ts
FN:13,(anonymous_0)
FN:17,(anonymous_1)
FNF:2
FNH:2
FNDA:1,(anonymous_0)
FNDA:1,(anonymous_1)
DA:7,1
DA:13,1
DA:14,1
DA:18,1
LF:4
LH:4
BRF:0
BRH:0
end_of_record
TN:
SF:src\utils\handlers.ts
FN:15,(anonymous_0)
FN:25,(anonymous_1)
FN:30,(anonymous_2)
FN:36,(anonymous_3)
FN:45,(anonymous_4)
FN:48,(anonymous_5)
FN:51,(anonymous_6)
FNF:7
FNH:4
FNDA:24,(anonymous_0)
FNDA:0,(anonymous_1)
FNDA:0,(anonymous_2)
FNDA:0,(anonymous_3)
FNDA:2,(anonymous_4)
FNDA:10,(anonymous_5)
FNDA:2,(anonymous_6)
DA:9,2
DA:10,2
DA:11,2
DA:12,2
DA:13,2
DA:16,24
DA:22,2
DA:26,0
DA:31,0
DA:37,0
DA:42,2
DA:45,2
DA:48,10
DA:51,2
LF:14
LH:11
BRDA:14,0,0,2
BRDA:14,0,1,2
BRF:2
BRH:2
end_of_record
TN:
SF:src\utils\testUtils.tsx
FN:20,renderWithProviders
FN:32,(anonymous_1)
FN:42,Wrapper
FNF:3
FNH:3
FNDA:9,renderWithProviders
FNDA:9,(anonymous_1)
FNDA:9,Wrapper
DA:33,9
DA:43,9
DA:47,9
LF:3
LH:3
BRDA:22,0,0,9
BRDA:23,1,0,9
BRDA:25,2,0,9
BRF:3
BRH:3
end_of_record
TN:
SF:src\utils\mocks\AlbumsList.mock.ts
FNF:0
FNH:0
DA:1,2
LF:1
LH:1
BRF:0
BRH:0
end_of_record
TN:
SF:src\utils\mocks\PhotosList.mock.ts
FNF:0
FNH:0
DA:1,2
LF:1
LH:1
BRF:0
BRH:0
end_of_record
TN:
SF:src\utils\mocks\UsersList.mock.ts
FNF:0
FNH:0
DA:1,2
LF:1
LH:1
BRF:0
BRH:0
end_of_record
