TN:
SF:src\pages\Albums\index.tsx
FN:8,(anonymous_0)
FN:41,(anonymous_1)
FNF:2
FNH:2
FNDA:14,(anonymous_0)
FNDA:10,(anonymous_1)
DA:8,1
DA:14,14
DA:21,13
DA:23,13
DA:24,10
DA:27,3
DA:28,1
DA:31,2
DA:32,2
DA:33,2
DA:35,2
DA:37,2
DA:42,10
DA:63,2
LF:14
LH:14
BRDA:10,0,0,11
BRDA:17,1,0,11
BRDA:23,2,0,10
BRDA:23,2,1,3
BRDA:23,3,0,13
BRDA:23,3,1,3
BRDA:23,3,2,3
BRDA:23,3,3,3
BRDA:27,4,0,1
BRDA:27,4,1,2
BRDA:27,5,0,3
BRDA:27,5,1,2
BRDA:33,6,0,2
BRDA:33,6,1,2
BRDA:33,6,2,2
BRF:15
BRH:15
end_of_record
TN:
SF:src\store\store.ts
FN:13,(anonymous_0)
FN:17,(anonymous_1)
FNF:2
FNH:2
FNDA:1,(anonymous_0)
FNDA:1,(anonymous_1)
DA:6,1
DA:13,1
DA:14,1
DA:18,1
LF:4
LH:4
BRF:0
BRH:0
end_of_record
TN:
SF:src\utils\handlers.ts
FN:13,(anonymous_0)
FN:21,(anonymous_1)
FN:25,(anonymous_2)
FN:34,(anonymous_3)
FN:37,(anonymous_4)
FN:40,(anonymous_5)
FNF:6
FNH:6
FNDA:12,(anonymous_0)
FNDA:4,(anonymous_1)
FNDA:4,(anonymous_2)
FNDA:1,(anonymous_3)
FNDA:5,(anonymous_4)
FNDA:1,(anonymous_5)
DA:9,1
DA:10,1
DA:11,1
DA:12,1
DA:13,1
DA:14,12
DA:20,1
DA:22,4
DA:26,4
DA:31,1
DA:34,1
DA:37,5
DA:40,1
LF:13
LH:13
BRDA:13,0,0,1
BRDA:13,0,1,1
BRF:2
BRH:2
end_of_record
TN:
SF:src\utils\testUtils.tsx
FN:19,renderWithProviders
FN:30,(anonymous_1)
FN:39,Wrapper
FNF:3
FNH:3
FNDA:4,renderWithProviders
FNDA:4,(anonymous_1)
FNDA:4,Wrapper
DA:31,4
DA:40,4
DA:44,4
LF:3
LH:3
BRDA:21,0,0,4
BRDA:22,1,0,4
BRDA:24,2,0,4
BRF:3
BRH:3
end_of_record
TN:
SF:src\utils\mocks\AlbumsList.mock.ts
FNF:0
FNH:0
DA:1,1
LF:1
LH:1
BRF:0
BRH:0
end_of_record
TN:
SF:src\utils\mocks\UsersList.mock.ts
FNF:0
FNH:0
DA:1,1
LF:1
LH:1
BRF:0
BRH:0
end_of_record
